[2025-01-24 19:52:51] ==== Inizio Simulazione dei Server ====
[2025-01-24 19:52:51] Avvio del server Django sulla porta 8000...
[2025-01-24 19:52:53] Il server Django è avviato correttamente sulla porta 8000.
[2025-01-24 19:52:53] Attesa di 5 secondi prima di riavviare il server Django...
[2025-01-24 19:52:58] Arresto del server Django sulla porta 8000...
[2025-01-24 19:52:59] Il server Django è stato arrestato con successo.
[2025-01-24 19:52:59] Attesa di 5 secondi prima di riavviare il server Django...
[2025-01-24 19:53:04] Avvio del server Django sulla porta 8000...
[2025-01-24 19:53:05] Il server Django è avviato correttamente sulla porta 8000.
[2025-01-24 19:53:05] Avvio del server Hugo sulla porta 1313...
[2025-01-24 19:53:07] Il server Hugo è avviato correttamente sulla porta 1313.
[2025-01-24 19:53:07] Attesa di 5 secondi prima di riavviare il server Hugo...
[2025-01-24 19:53:12] Arresto del server Hugo sulla porta 1313...
[2025-01-24 19:53:13] Il server Hugo è stato arrestato con successo.
[2025-01-24 19:53:13] Attesa di 5 secondi prima di riavviare il server Hugo...
[2025-01-24 19:53:18] Avvio del server Hugo sulla porta 1313...
[2025-01-24 19:53:19] Il server Hugo è avviato correttamente sulla porta 1313.
[2025-01-24 19:53:19] ==== Simulazione Completata ====
[2025-01-24 19:54:16] ==== Inizio Simulazione dei Server ====
[2025-01-24 19:54:17] Avvio del server Django sulla porta 8000...
[2025-01-24 19:54:18] Il server Django è avviato correttamente sulla porta 8000.
[2025-01-24 19:54:18] Attesa di 5 secondi prima di riavviare il server Django...
[2025-01-24 19:54:23] Arresto del server Django sulla porta 8000...
[2025-01-24 19:54:24] Il server Django è stato arrestato con successo.
[2025-01-24 19:54:24] Attesa di 5 secondi prima di riavviare il server Django...
[2025-01-24 19:54:29] Avvio del server Django sulla porta 8000...
[2025-01-24 19:54:31] Il server Django è avviato correttamente sulla porta 8000.
[2025-01-24 19:54:31] Avvio del server Hugo sulla porta 1313...
[2025-01-24 19:54:32] Il server Hugo è avviato correttamente sulla porta 1313.
[2025-01-24 19:54:32] Attesa di 5 secondi prima di riavviare il server Hugo...
[2025-01-24 19:54:37] Arresto del server Hugo sulla porta 1313...
[2025-01-24 19:54:39] Il server Hugo è stato arrestato con successo.
[2025-01-24 19:54:39] Attesa di 5 secondi prima di riavviare il server Hugo...
[2025-01-24 19:54:44] Avvio del server Hugo sulla porta 1313...
[2025-01-24 19:54:45] Il server Hugo è avviato correttamente sulla porta 1313.
[2025-01-24 19:54:45] ==== Simulazione Completata ====
[2025-01-24 19:57:06] ==== Inizio Simulazione dei Server ====
[2025-01-24 19:57:06] Avvio del server Django sulla porta 8000...
[2025-01-24 19:57:08] Il server Django è avviato correttamente sulla porta 8000.
[2025-01-24 19:57:08] Attesa di 5 secondi prima di riavviare il server Django...
[2025-01-24 19:57:13] Arresto del server Django sulla porta 8000...
[2025-01-24 19:57:14] Il server Django è stato arrestato con successo.
[2025-01-24 19:57:14] Attesa di 5 secondi prima di riavviare il server Django...
[2025-01-24 19:57:19] Avvio del server Django sulla porta 8000...
[2025-01-24 19:57:22] Il server Django è avviato correttamente sulla porta 8000.
[2025-01-24 19:57:22] Avvio del server Hugo sulla porta 1313...
[2025-01-24 19:57:24] Il server Hugo è avviato correttamente sulla porta 1313.
[2025-01-24 19:57:24] Attesa di 5 secondi prima di riavviare il server Hugo...
[2025-01-24 19:57:29] Arresto del server Hugo sulla porta 1313...
[2025-01-24 19:57:31] Il server Hugo è stato arrestato con successo.
[2025-01-24 19:57:31] Attesa di 5 secondi prima di riavviare il server Hugo...
[2025-01-24 19:57:36] Avvio del server Hugo sulla porta 1313...
[2025-01-24 19:57:38] Il server Hugo è avviato correttamente sulla porta 1313.
[2025-01-24 19:57:38] ==== Simulazione Completata ====
[2025-01-24 19:57:58] ==== Inizio Simulazione dei Server ====
[2025-01-24 19:57:58] Avvio del server Django sulla porta 8000...
[2025-01-24 19:58:01] Il server Django è avviato correttamente sulla porta 8000.
[2025-01-24 19:58:01] Attesa di 5 secondi prima di riavviare il server Django...
[2025-01-24 19:58:06] Arresto del server Django sulla porta 8000...
[2025-01-24 19:58:07] Il server Django è stato arrestato con successo.
[2025-01-24 19:58:07] Attesa di 5 secondi prima di riavviare il server Django...
[2025-01-24 19:58:12] Avvio del server Django sulla porta 8000...
[2025-01-24 19:58:14] Il server Django è avviato correttamente sulla porta 8000.
[2025-01-24 19:58:14] Avvio del server Hugo sulla porta 1313...
[2025-01-24 19:58:16] Il server Hugo è avviato correttamente sulla porta 1313.
[2025-01-24 19:58:16] Attesa di 5 secondi prima di riavviare il server Hugo...
[2025-01-24 19:58:21] Arresto del server Hugo sulla porta 1313...
[2025-01-24 19:58:23] Il server Hugo è stato arrestato con successo.
[2025-01-24 19:58:23] Attesa di 5 secondi prima di riavviare il server Hugo...
[2025-01-24 19:58:28] Avvio del server Hugo sulla porta 1313...
[2025-01-24 19:58:30] Il server Hugo è avviato correttamente sulla porta 1313.
[2025-01-24 19:58:30] ==== Simulazione Completata ====
